2026-02-18 15:50:31 - INFO - RegisterAccount - ==== Test Execution Started ====
2026-02-18 15:50:34 - INFO - RegisterAccount - Chrome Browser Launched
2026-02-18 15:50:35 - INFO - RegisterAccount - Navigated to Application URL
2026-02-18 15:50:35 - INFO - RegisterAccount - ========== TC1: Register With Mandatory Fields ==========
2026-02-18 15:50:36 - INFO - RegisterAccount - Clicked on Register link
2026-02-18 15:50:36 - INFO - RegisterAccount - Entered mandatory registration details
2026-02-18 15:50:37 - INFO - RegisterAccount - Accepted Privacy Policy
2026-02-18 15:50:38 - INFO - RegisterAccount - Clicked Continue button
2026-02-18 15:50:38 - INFO - RegisterAccount - TC1 PASSED - Account Created Successfully
2026-02-18 15:50:38 - INFO - RegisterAccount - Browser Closed
2026-02-18 15:50:38 - INFO - RegisterAccount - ==== Test Execution Finished ====
2026-02-18 15:50:38 - INFO - RegisterAccount - ==== Test Execution Started ====
2026-02-18 15:50:39 - INFO - RegisterAccount - Chrome Browser Launched
2026-02-18 15:50:40 - INFO - RegisterAccount - Navigated to Application URL
2026-02-18 15:50:40 - INFO - RegisterAccount - ========== TC1: Register With Mandatory Fields ==========
2026-02-18 15:50:41 - INFO - RegisterAccount - Clicked on Register link
2026-02-18 15:50:42 - INFO - RegisterAccount - Entered mandatory registration details
2026-02-18 15:50:42 - INFO - RegisterAccount - Accepted Privacy Policy
2026-02-18 15:50:43 - INFO - RegisterAccount - Clicked Continue button
2026-02-18 15:50:43 - INFO - RegisterAccount - TC1 PASSED - Account Created Successfully
2026-02-18 15:50:43 - INFO - RegisterAccount - Browser Closed
2026-02-18 15:50:43 - INFO - RegisterAccount - ==== Test Execution Finished ====
2026-02-18 15:50:44 - INFO - RegisterAccount - ==== Test Execution Started ====
2026-02-18 15:50:45 - INFO - RegisterAccount - Chrome Browser Launched
2026-02-18 15:50:46 - INFO - RegisterAccount - Navigated to Application URL
2026-02-18 15:50:46 - INFO - RegisterAccount - ========== TC2: Register With All Fields ==========
2026-02-18 15:50:47 - INFO - RegisterAccount - Clicked on Register link
2026-02-18 15:50:47 - INFO - RegisterAccount - Entered all registration details
2026-02-18 15:50:47 - INFO - RegisterAccount - Newsletter option selected
2026-02-18 15:50:48 - INFO - RegisterAccount - Accepted Privacy Policy
2026-02-18 15:50:49 - INFO - RegisterAccount - Clicked Continue button
2026-02-18 15:50:49 - INFO - RegisterAccount - TC2 PASSED - Account Created Successfully
2026-02-18 15:50:49 - INFO - RegisterAccount - Browser Closed
2026-02-18 15:50:49 - INFO - RegisterAccount - ==== Test Execution Finished ====
2026-02-18 15:50:49 - INFO - RegisterAccount - ==== Test Execution Started ====
2026-02-18 15:50:50 - INFO - RegisterAccount - Chrome Browser Launched
2026-02-18 15:50:51 - INFO - RegisterAccount - Navigated to Application URL
2026-02-18 15:50:51 - INFO - RegisterAccount - ========== TC2: Register With All Fields ==========
2026-02-18 15:50:52 - INFO - RegisterAccount - Clicked on Register link
2026-02-18 15:50:53 - INFO - RegisterAccount - Entered all registration details
2026-02-18 15:50:53 - INFO - RegisterAccount - Newsletter option selected
2026-02-18 15:50:53 - INFO - RegisterAccount - Accepted Privacy Policy
2026-02-18 15:50:54 - INFO - RegisterAccount - Clicked Continue button
2026-02-18 15:50:54 - INFO - RegisterAccount - TC2 PASSED - Account Created Successfully
2026-02-18 15:50:55 - INFO - RegisterAccount - Browser Closed
2026-02-18 15:50:55 - INFO - RegisterAccount - ==== Test Execution Finished ====
2026-02-18 15:50:55 - INFO - RegisterAccount - ==== Test Execution Started ====
2026-02-18 15:50:56 - INFO - RegisterAccount - Chrome Browser Launched
2026-02-18 15:50:57 - INFO - RegisterAccount - Navigated to Application URL
2026-02-18 15:50:57 - INFO - RegisterAccount - ========== TC3: Register Without Entering Fields ==========
2026-02-18 15:50:58 - INFO - RegisterAccount - Clicked on Register link
2026-02-18 15:50:58 - INFO - RegisterAccount - Clicked Continue without entering any data
2026-02-18 15:50:59 - INFO - RegisterAccount - TC3 PASSED - Proper Warning Message Displayed
2026-02-18 15:50:59 - INFO - RegisterAccount - Browser Closed
2026-02-18 15:50:59 - INFO - RegisterAccount - ==== Test Execution Finished ====
2026-02-18 15:51:44 - INFO - RegisterAccount - ==== Test Execution Started ====
2026-02-18 15:51:45 - INFO - RegisterAccount - Chrome Browser Launched
2026-02-18 15:51:47 - INFO - RegisterAccount - Navigated to Application URL
2026-02-18 15:51:47 - INFO - RegisterAccount - ========== TC1: Register With Mandatory Fields ==========
2026-02-18 15:51:47 - INFO - RegisterAccount - Clicked on Register link
2026-02-18 15:51:48 - INFO - RegisterAccount - Entered mandatory registration details
2026-02-18 15:51:48 - INFO - RegisterAccount - Accepted Privacy Policy
2026-02-18 15:51:49 - INFO - RegisterAccount - Clicked Continue button
2026-02-18 15:51:49 - INFO - RegisterAccount - TC1 PASSED - Account Created Successfully
2026-02-18 15:51:50 - INFO - RegisterAccount - Browser Closed
2026-02-18 15:51:50 - INFO - RegisterAccount - ==== Test Execution Finished ====
2026-02-18 15:51:50 - INFO - RegisterAccount - ==== Test Execution Started ====
2026-02-18 15:51:51 - INFO - RegisterAccount - Chrome Browser Launched
2026-02-18 15:51:52 - INFO - RegisterAccount - Navigated to Application URL
2026-02-18 15:51:52 - INFO - RegisterAccount - ========== TC1: Register With Mandatory Fields ==========
2026-02-18 15:51:53 - INFO - RegisterAccount - Clicked on Register link
2026-02-18 15:51:53 - INFO - RegisterAccount - Entered mandatory registration details
2026-02-18 15:51:53 - INFO - RegisterAccount - Accepted Privacy Policy
2026-02-18 15:51:54 - INFO - RegisterAccount - Clicked Continue button
2026-02-18 15:51:55 - INFO - RegisterAccount - TC1 PASSED - Account Created Successfully
2026-02-18 15:51:55 - INFO - RegisterAccount - Browser Closed
2026-02-18 15:51:55 - INFO - RegisterAccount - ==== Test Execution Finished ====
2026-02-18 15:51:55 - INFO - RegisterAccount - ==== Test Execution Started ====
2026-02-18 15:51:56 - INFO - RegisterAccount - Chrome Browser Launched
2026-02-18 15:51:57 - INFO - RegisterAccount - Navigated to Application URL
2026-02-18 15:51:57 - INFO - RegisterAccount - ========== TC2: Register With All Fields ==========
2026-02-18 15:51:58 - INFO - RegisterAccount - Clicked on Register link
2026-02-18 15:51:59 - INFO - RegisterAccount - Entered all registration details
2026-02-18 15:51:59 - INFO - RegisterAccount - Newsletter option selected
2026-02-18 15:51:59 - INFO - RegisterAccount - Accepted Privacy Policy
2026-02-18 15:52:00 - INFO - RegisterAccount - Clicked Continue button
2026-02-18 15:52:00 - INFO - RegisterAccount - TC2 PASSED - Account Created Successfully
2026-02-18 15:52:00 - INFO - RegisterAccount - Browser Closed
2026-02-18 15:52:00 - INFO - RegisterAccount - ==== Test Execution Finished ====
2026-02-18 15:52:00 - INFO - RegisterAccount - ==== Test Execution Started ====
2026-02-18 15:52:02 - INFO - RegisterAccount - Chrome Browser Launched
2026-02-18 15:52:03 - INFO - RegisterAccount - Navigated to Application URL
2026-02-18 15:52:03 - INFO - RegisterAccount - ========== TC2: Register With All Fields ==========
2026-02-18 15:52:03 - INFO - RegisterAccount - Clicked on Register link
2026-02-18 15:52:04 - INFO - RegisterAccount - Entered all registration details
2026-02-18 15:52:04 - INFO - RegisterAccount - Newsletter option selected
2026-02-18 15:52:04 - INFO - RegisterAccount - Accepted Privacy Policy
2026-02-18 15:52:06 - INFO - RegisterAccount - Clicked Continue button
2026-02-18 15:52:06 - INFO - RegisterAccount - TC2 PASSED - Account Created Successfully
2026-02-18 15:52:06 - INFO - RegisterAccount - Browser Closed
2026-02-18 15:52:06 - INFO - RegisterAccount - ==== Test Execution Finished ====
2026-02-18 15:52:06 - INFO - RegisterAccount - ==== Test Execution Started ====
2026-02-18 15:52:07 - INFO - RegisterAccount - Chrome Browser Launched
2026-02-18 15:52:08 - INFO - RegisterAccount - Navigated to Application URL
2026-02-18 15:52:08 - INFO - RegisterAccount - ========== TC3: Register Without Entering Fields ==========
2026-02-18 15:52:09 - INFO - RegisterAccount - Clicked on Register link
2026-02-18 15:52:10 - INFO - RegisterAccount - Clicked Continue without entering any data
2026-02-18 15:52:10 - INFO - RegisterAccount - TC3 PASSED - Proper Warning Message Displayed
2026-02-18 15:52:10 - INFO - RegisterAccount - Browser Closed
2026-02-18 15:52:10 - INFO - RegisterAccount - ==== Test Execution Finished ====
2026-02-19 05:34:39 - INFO - RegisterAccount - ========== TC1 Started ==========
2026-02-19 05:34:40 - INFO - RegisterAccount - Clicked on Register link
2026-02-19 05:34:41 - INFO - RegisterAccount - Entered mandatory registration details
2026-02-19 05:34:41 - INFO - RegisterAccount - Accepted Privacy Policy
2026-02-19 05:34:42 - INFO - RegisterAccount - Clicked Continue button
2026-02-19 05:34:43 - INFO - RegisterAccount - TC1 PASSED - Account Created Successfully
2026-02-19 05:34:45 - INFO - RegisterAccount - ========== TC1 Started ==========
2026-02-19 05:34:47 - INFO - RegisterAccount - Clicked on Register link
2026-02-19 05:34:47 - INFO - RegisterAccount - Entered mandatory registration details
2026-02-19 05:34:48 - INFO - RegisterAccount - Accepted Privacy Policy
2026-02-19 05:34:49 - INFO - RegisterAccount - Clicked Continue button
2026-02-19 05:34:49 - INFO - RegisterAccount - TC1 PASSED - Account Created Successfully
2026-02-19 05:34:51 - INFO - RegisterAccount - ========== TC2 Started ==========
2026-02-19 05:34:52 - INFO - RegisterAccount - Clicked on Register link
2026-02-19 05:34:53 - INFO - RegisterAccount - Entered all registration details
2026-02-19 05:34:53 - INFO - RegisterAccount - Newsletter option selected
2026-02-19 05:34:54 - INFO - RegisterAccount - Clicked Continue button
2026-02-19 05:34:54 - INFO - RegisterAccount - TC2 PASSED - Account Created Successfully
2026-02-19 05:34:57 - INFO - RegisterAccount - ========== TC2 Started ==========
2026-02-19 05:34:58 - INFO - RegisterAccount - Clicked on Register link
2026-02-19 05:34:58 - INFO - RegisterAccount - Entered all registration details
2026-02-19 05:34:59 - INFO - RegisterAccount - Newsletter option selected
2026-02-19 05:35:00 - INFO - RegisterAccount - Clicked Continue button
2026-02-19 05:35:00 - INFO - RegisterAccount - TC2 PASSED - Account Created Successfully
2026-02-19 05:35:02 - INFO - RegisterAccount - ========== TC3 Started ==========
2026-02-19 05:35:04 - INFO - RegisterAccount - Clicked on Register link
2026-02-19 05:35:05 - INFO - RegisterAccount - Clicked Continue without entering data
2026-02-19 05:35:09 - INFO - RegisterAccount - TC3 PASSED - Warning Message Displayed
2026-02-19 06:13:07 - INFO - RegisterAccount - ========== TC1 Started ==========
2026-02-19 06:13:08 - INFO - RegisterAccount - Clicked on Register link
2026-02-19 06:13:09 - INFO - RegisterAccount - Entered mandatory registration details
2026-02-19 06:13:09 - INFO - RegisterAccount - Accepted Privacy Policy
2026-02-19 06:13:10 - INFO - RegisterAccount - Clicked Continue button
2026-02-19 06:13:10 - INFO - RegisterAccount - TC1 PASSED - Account Created Successfully
2026-02-19 06:13:13 - INFO - RegisterAccount - ========== TC1 Started ==========
2026-02-19 06:13:14 - INFO - RegisterAccount - Clicked on Register link
2026-02-19 06:13:15 - INFO - RegisterAccount - Entered mandatory registration details
2026-02-19 06:13:15 - INFO - RegisterAccount - Accepted Privacy Policy
2026-02-19 06:13:16 - INFO - RegisterAccount - Clicked Continue button
2026-02-19 06:13:16 - INFO - RegisterAccount - TC1 PASSED - Account Created Successfully
2026-02-19 06:13:19 - INFO - RegisterAccount - ========== TC2 Started ==========
2026-02-19 06:13:19 - INFO - RegisterAccount - Clicked on Register link
2026-02-19 06:13:20 - INFO - RegisterAccount - Entered all registration details
2026-02-19 06:13:20 - INFO - RegisterAccount - Newsletter option selected
2026-02-19 06:13:21 - INFO - RegisterAccount - Clicked Continue button
2026-02-19 06:13:21 - INFO - RegisterAccount - TC2 PASSED - Account Created Successfully
2026-02-19 06:13:24 - INFO - RegisterAccount - ========== TC2 Started ==========
2026-02-19 06:13:25 - INFO - RegisterAccount - Clicked on Register link
2026-02-19 06:13:25 - INFO - RegisterAccount - Entered all registration details
2026-02-19 06:13:26 - INFO - RegisterAccount - Newsletter option selected
2026-02-19 06:13:27 - INFO - RegisterAccount - Clicked Continue button
2026-02-19 06:13:27 - INFO - RegisterAccount - TC2 PASSED - Account Created Successfully
2026-02-19 06:13:29 - INFO - RegisterAccount - ========== TC3 Started ==========
2026-02-19 06:13:30 - INFO - RegisterAccount - Clicked on Register link
2026-02-19 06:13:31 - INFO - RegisterAccount - Clicked Continue without entering data
2026-02-19 06:13:31 - INFO - RegisterAccount - TC3 PASSED - Warning Message Displayed
2026-02-19 06:16:36 - INFO - RegisterAccount - ========== TC1 Started ==========
2026-02-19 06:16:37 - INFO - RegisterAccount - Clicked on Register link
2026-02-19 06:16:38 - INFO - RegisterAccount - Entered mandatory registration details
2026-02-19 06:16:38 - INFO - RegisterAccount - Accepted Privacy Policy
2026-02-19 06:16:39 - INFO - RegisterAccount - Clicked Continue button
2026-02-19 06:16:39 - INFO - RegisterAccount - TC1 PASSED - Account Created Successfully
2026-02-19 06:16:43 - INFO - RegisterAccount - ========== TC1 Started ==========
2026-02-19 06:16:44 - INFO - RegisterAccount - Clicked on Register link
2026-02-19 06:16:45 - INFO - RegisterAccount - Entered mandatory registration details
2026-02-19 06:16:45 - INFO - RegisterAccount - Accepted Privacy Policy
2026-02-19 06:16:46 - INFO - RegisterAccount - Clicked Continue button
2026-02-19 06:16:46 - INFO - RegisterAccount - TC1 PASSED - Account Created Successfully
2026-02-19 06:16:49 - INFO - RegisterAccount - ========== TC2 Started ==========
2026-02-19 06:16:50 - INFO - RegisterAccount - Clicked on Register link
2026-02-19 06:16:50 - INFO - RegisterAccount - Entered all registration details
2026-02-19 06:16:51 - INFO - RegisterAccount - Newsletter option selected
2026-02-19 06:16:52 - INFO - RegisterAccount - Clicked Continue button
2026-02-19 06:16:52 - INFO - RegisterAccount - TC2 PASSED - Account Created Successfully
2026-02-19 06:16:54 - INFO - RegisterAccount - ========== TC2 Started ==========
2026-02-19 06:16:55 - INFO - RegisterAccount - Clicked on Register link
2026-02-19 06:16:56 - INFO - RegisterAccount - Entered all registration details
2026-02-19 06:16:56 - INFO - RegisterAccount - Newsletter option selected
2026-02-19 06:16:57 - INFO - RegisterAccount - Clicked Continue button
2026-02-19 06:16:57 - INFO - RegisterAccount - TC2 PASSED - Account Created Successfully
2026-02-19 06:17:00 - INFO - RegisterAccount - ========== TC3 Started ==========
2026-02-19 06:17:00 - INFO - RegisterAccount - Clicked on Register link
2026-02-19 06:17:01 - INFO - RegisterAccount - Clicked Continue without entering data
2026-02-19 06:17:01 - INFO - RegisterAccount - TC3 PASSED - Warning Message Displayed
2026-02-20 05:24:56 - INFO - RegisterAccount - ========== TC1 Started ==========
2026-02-20 05:24:57 - INFO - RegisterAccount - Clicked on Register link
2026-02-20 05:24:58 - INFO - RegisterAccount - Entered mandatory registration details
2026-02-20 05:24:58 - INFO - RegisterAccount - Accepted Privacy Policy
2026-02-20 05:25:00 - INFO - RegisterAccount - Clicked Continue button
2026-02-20 05:25:00 - INFO - RegisterAccount - TC1 PASSED - Account Created Successfully
2026-02-20 05:25:03 - INFO - RegisterAccount - ========== TC1 Started ==========
2026-02-20 05:25:04 - INFO - RegisterAccount - Clicked on Register link
2026-02-20 05:25:05 - INFO - RegisterAccount - Entered mandatory registration details
2026-02-20 05:25:05 - INFO - RegisterAccount - Accepted Privacy Policy
2026-02-20 05:25:05 - INFO - RegisterAccount - Clicked Continue button
2026-02-20 05:25:11 - INFO - RegisterAccount - TC1 PASSED - Account Created Successfully
2026-02-20 05:25:13 - INFO - RegisterAccount - ========== TC2 Started ==========
2026-02-20 05:25:15 - INFO - RegisterAccount - Clicked on Register link
2026-02-20 05:25:15 - INFO - RegisterAccount - Entered all registration details
2026-02-20 05:25:15 - INFO - RegisterAccount - Newsletter option selected
2026-02-20 05:25:16 - INFO - RegisterAccount - Clicked Continue button
2026-02-20 05:25:17 - INFO - RegisterAccount - TC2 PASSED - Account Created Successfully
2026-02-20 05:25:18 - INFO - RegisterAccount - ========== TC2 Started ==========
2026-02-20 05:25:20 - INFO - RegisterAccount - Clicked on Register link
2026-02-20 05:25:21 - INFO - RegisterAccount - Entered all registration details
2026-02-20 05:25:21 - INFO - RegisterAccount - Newsletter option selected
2026-02-20 05:25:22 - INFO - RegisterAccount - Clicked Continue button
2026-02-20 05:25:22 - INFO - RegisterAccount - TC2 PASSED - Account Created Successfully
2026-02-20 05:25:24 - INFO - RegisterAccount - ========== TC3 Started ==========
2026-02-20 05:25:25 - INFO - RegisterAccount - Clicked on Register link
2026-02-20 05:25:25 - INFO - RegisterAccount - Clicked Continue without entering data
2026-02-20 05:25:26 - INFO - RegisterAccount - TC3 PASSED - Warning Message Displayed
2026-02-20 06:14:56 - INFO - RegisterAccount - ========== TC1 Started ==========
2026-02-20 06:14:57 - INFO - RegisterAccount - Clicked on Register link
2026-02-20 06:14:57 - INFO - RegisterAccount - Entered mandatory registration details
2026-02-20 06:14:57 - INFO - RegisterAccount - Accepted Privacy Policy
2026-02-20 06:14:58 - INFO - RegisterAccount - Clicked Continue button
2026-02-20 06:14:58 - INFO - RegisterAccount - TC1 PASSED - Account Created Successfully
2026-02-20 06:15:01 - INFO - RegisterAccount - ========== TC1 Started ==========
2026-02-20 06:15:02 - INFO - RegisterAccount - Clicked on Register link
2026-02-20 06:15:02 - INFO - RegisterAccount - Entered mandatory registration details
2026-02-20 06:15:02 - INFO - RegisterAccount - Accepted Privacy Policy
2026-02-20 06:15:03 - INFO - RegisterAccount - Clicked Continue button
2026-02-20 06:15:03 - INFO - RegisterAccount - TC1 PASSED - Account Created Successfully
2026-02-20 06:15:06 - INFO - RegisterAccount - ========== TC2 Started ==========
2026-02-20 06:15:07 - INFO - RegisterAccount - Clicked on Register link
2026-02-20 06:15:08 - INFO - RegisterAccount - Entered all registration details
2026-02-20 06:15:08 - INFO - RegisterAccount - Newsletter option selected
2026-02-20 06:15:12 - INFO - RegisterAccount - Clicked Continue button
2026-02-20 06:15:12 - INFO - RegisterAccount - TC2 PASSED - Account Created Successfully
2026-02-20 06:15:14 - INFO - RegisterAccount - ========== TC2 Started ==========
2026-02-20 06:15:15 - INFO - RegisterAccount - Clicked on Register link
2026-02-20 06:15:15 - INFO - RegisterAccount - Entered all registration details
2026-02-20 06:15:15 - INFO - RegisterAccount - Newsletter option selected
2026-02-20 06:15:16 - INFO - RegisterAccount - Clicked Continue button
2026-02-20 06:15:16 - INFO - RegisterAccount - TC2 PASSED - Account Created Successfully
2026-02-20 06:15:18 - INFO - RegisterAccount - ========== TC3 Started ==========
2026-02-20 06:15:19 - INFO - RegisterAccount - Clicked on Register link
2026-02-20 06:15:19 - INFO - RegisterAccount - Clicked Continue without entering data
2026-02-20 06:15:20 - INFO - RegisterAccount - TC3 PASSED - Warning Message Displayed
2026-02-20 06:20:38 - INFO - RegisterAccount - ========== TC1 Started ==========
2026-02-20 06:20:39 - INFO - RegisterAccount - Clicked on Register link
2026-02-20 06:20:40 - INFO - RegisterAccount - Entered mandatory registration details
2026-02-20 06:20:40 - INFO - RegisterAccount - Accepted Privacy Policy
2026-02-20 06:20:41 - INFO - RegisterAccount - Clicked Continue button
2026-02-20 06:20:41 - INFO - RegisterAccount - TC1 PASSED - Account Created Successfully
2026-02-20 06:20:44 - INFO - RegisterAccount - ========== TC1 Started ==========
2026-02-20 06:20:45 - INFO - RegisterAccount - Clicked on Register link
2026-02-20 06:20:46 - INFO - RegisterAccount - Entered mandatory registration details
2026-02-20 06:20:46 - INFO - RegisterAccount - Accepted Privacy Policy
2026-02-20 06:20:47 - INFO - RegisterAccount - Clicked Continue button
2026-02-20 06:20:47 - INFO - RegisterAccount - TC1 PASSED - Account Created Successfully
2026-02-20 06:20:50 - INFO - RegisterAccount - ========== TC2 Started ==========
2026-02-20 06:20:50 - INFO - RegisterAccount - Clicked on Register link
2026-02-20 06:20:51 - INFO - RegisterAccount - Entered all registration details
2026-02-20 06:20:51 - INFO - RegisterAccount - Newsletter option selected
2026-02-20 06:20:53 - INFO - RegisterAccount - Clicked Continue button
2026-02-20 06:20:53 - INFO - RegisterAccount - TC2 PASSED - Account Created Successfully
2026-02-20 06:20:55 - INFO - RegisterAccount - ========== TC2 Started ==========
2026-02-20 06:20:56 - INFO - RegisterAccount - Clicked on Register link
2026-02-20 06:20:57 - INFO - RegisterAccount - Entered all registration details
2026-02-20 06:20:57 - INFO - RegisterAccount - Newsletter option selected
2026-02-20 06:20:58 - INFO - RegisterAccount - Clicked Continue button
2026-02-20 06:20:58 - INFO - RegisterAccount - TC2 PASSED - Account Created Successfully
2026-02-20 06:21:01 - INFO - RegisterAccount - ========== TC3 Started ==========
2026-02-20 06:21:02 - INFO - RegisterAccount - Clicked on Register link
2026-02-20 06:21:02 - INFO - RegisterAccount - Clicked Continue without entering data
2026-02-20 06:21:03 - INFO - RegisterAccount - TC3 PASSED - Warning Message Displayed
2026-02-21 05:53:34 - INFO - RegisterAccount - ========== TC1 Started ==========
2026-02-21 05:53:34 - INFO - RegisterAccount - Clicked on Register link
2026-02-21 05:53:35 - INFO - RegisterAccount - Entered mandatory registration details
2026-02-21 05:53:35 - INFO - RegisterAccount - Accepted Privacy Policy
2026-02-21 05:53:36 - INFO - RegisterAccount - Clicked Continue button
2026-02-21 05:53:36 - INFO - RegisterAccount - TC1 PASSED - Account Created Successfully
2026-02-21 05:53:40 - INFO - RegisterAccount - ========== TC1 Started ==========
2026-02-21 05:53:41 - INFO - RegisterAccount - Clicked on Register link
2026-02-21 05:53:41 - INFO - RegisterAccount - Entered mandatory registration details
2026-02-21 05:53:42 - INFO - RegisterAccount - Accepted Privacy Policy
2026-02-21 05:53:43 - INFO - RegisterAccount - Clicked Continue button
2026-02-21 05:53:43 - INFO - RegisterAccount - TC1 PASSED - Account Created Successfully
2026-02-21 05:53:45 - INFO - RegisterAccount - ========== TC2 Started ==========
2026-02-21 05:53:47 - INFO - RegisterAccount - Clicked on Register link
2026-02-21 05:53:47 - INFO - RegisterAccount - Entered all registration details
2026-02-21 05:53:47 - INFO - RegisterAccount - Newsletter option selected
2026-02-21 05:53:49 - INFO - RegisterAccount - Clicked Continue button
2026-02-21 05:53:49 - INFO - RegisterAccount - TC2 PASSED - Account Created Successfully
2026-02-21 05:53:51 - INFO - RegisterAccount - ========== TC2 Started ==========
2026-02-21 05:53:52 - INFO - RegisterAccount - Clicked on Register link
2026-02-21 05:53:53 - INFO - RegisterAccount - Entered all registration details
2026-02-21 05:53:53 - INFO - RegisterAccount - Newsletter option selected
2026-02-21 05:53:54 - INFO - RegisterAccount - Clicked Continue button
2026-02-21 05:53:54 - INFO - RegisterAccount - TC2 PASSED - Account Created Successfully
2026-02-21 05:53:58 - INFO - RegisterAccount - ========== TC3 Started ==========
2026-02-21 05:53:59 - INFO - RegisterAccount - Clicked on Register link
2026-02-21 05:54:00 - INFO - RegisterAccount - Clicked Continue without entering data
2026-02-21 05:54:00 - INFO - RegisterAccount - TC3 PASSED - Warning Message Displayed
2026-02-21 05:56:44 - INFO - RegisterAccount - ========== TC1 Started ==========
2026-02-21 05:56:44 - INFO - RegisterAccount - Clicked on Register link
2026-02-21 05:56:46 - INFO - RegisterAccount - Entered mandatory registration details
2026-02-21 05:56:46 - INFO - RegisterAccount - Accepted Privacy Policy
2026-02-21 05:56:47 - INFO - RegisterAccount - Clicked Continue button
2026-02-21 05:56:47 - INFO - RegisterAccount - TC1 PASSED - Account Created Successfully
2026-02-21 05:56:50 - INFO - RegisterAccount - ========== TC1 Started ==========
2026-02-21 05:56:51 - INFO - RegisterAccount - Clicked on Register link
2026-02-21 05:56:52 - INFO - RegisterAccount - Entered mandatory registration details
2026-02-21 05:56:52 - INFO - RegisterAccount - Accepted Privacy Policy
2026-02-21 05:56:53 - INFO - RegisterAccount - Clicked Continue button
2026-02-21 05:56:53 - INFO - RegisterAccount - TC1 PASSED - Account Created Successfully
2026-02-21 05:56:56 - INFO - RegisterAccount - ========== TC2 Started ==========
2026-02-21 05:56:57 - INFO - RegisterAccount - Clicked on Register link
2026-02-21 05:56:58 - INFO - RegisterAccount - Entered all registration details
2026-02-21 05:56:58 - INFO - RegisterAccount - Newsletter option selected
2026-02-21 05:56:59 - INFO - RegisterAccount - Clicked Continue button
2026-02-21 05:56:59 - INFO - RegisterAccount - TC2 PASSED - Account Created Successfully
2026-02-21 05:57:02 - INFO - RegisterAccount - ========== TC2 Started ==========
2026-02-21 05:57:03 - INFO - RegisterAccount - Clicked on Register link
2026-02-21 05:57:04 - INFO - RegisterAccount - Entered all registration details
2026-02-21 05:57:04 - INFO - RegisterAccount - Newsletter option selected
2026-02-21 05:57:05 - INFO - RegisterAccount - Clicked Continue button
2026-02-21 05:57:05 - INFO - RegisterAccount - TC2 PASSED - Account Created Successfully
2026-02-21 05:57:08 - INFO - RegisterAccount - ========== TC3 Started ==========
2026-02-21 05:57:09 - INFO - RegisterAccount - Clicked on Register link
2026-02-21 05:57:09 - INFO - RegisterAccount - Clicked Continue without entering data
2026-02-21 05:57:10 - INFO - RegisterAccount - TC3 PASSED - Warning Message Displayed
2026-02-21 06:13:36 - INFO - RegisterAccount - ========== TC1 Started ==========
2026-02-21 06:13:37 - INFO - RegisterAccount - Clicked on Register link
2026-02-21 06:13:37 - INFO - RegisterAccount - Entered mandatory registration details
2026-02-21 06:13:38 - INFO - RegisterAccount - Accepted Privacy Policy
2026-02-21 06:13:39 - INFO - RegisterAccount - Clicked Continue button
2026-02-21 06:13:39 - INFO - RegisterAccount - TC1 PASSED - Account Created Successfully
2026-02-21 06:13:42 - INFO - RegisterAccount - ========== TC1 Started ==========
2026-02-21 06:13:44 - INFO - RegisterAccount - Clicked on Register link
2026-02-21 06:13:45 - INFO - RegisterAccount - Entered mandatory registration details
2026-02-21 06:13:45 - INFO - RegisterAccount - Accepted Privacy Policy
2026-02-21 06:13:46 - INFO - RegisterAccount - Clicked Continue button
2026-02-21 06:13:46 - INFO - RegisterAccount - TC1 PASSED - Account Created Successfully
2026-02-21 06:13:49 - INFO - RegisterAccount - ========== TC2 Started ==========
2026-02-21 06:13:50 - INFO - RegisterAccount - Clicked on Register link
2026-02-21 06:13:51 - INFO - RegisterAccount - Entered all registration details
2026-02-21 06:13:51 - INFO - RegisterAccount - Newsletter option selected
2026-02-21 06:13:53 - INFO - RegisterAccount - Clicked Continue button
2026-02-21 06:13:53 - INFO - RegisterAccount - TC2 PASSED - Account Created Successfully
2026-02-21 06:13:56 - INFO - RegisterAccount - ========== TC2 Started ==========
2026-02-21 06:13:57 - INFO - RegisterAccount - Clicked on Register link
2026-02-21 06:13:58 - INFO - RegisterAccount - Entered all registration details
2026-02-21 06:13:58 - INFO - RegisterAccount - Newsletter option selected
2026-02-21 06:14:00 - INFO - RegisterAccount - Clicked Continue button
2026-02-21 06:14:00 - INFO - RegisterAccount - TC2 PASSED - Account Created Successfully
2026-02-21 06:14:02 - INFO - RegisterAccount - ========== TC3 Started ==========
2026-02-21 06:14:04 - INFO - RegisterAccount - Clicked on Register link
2026-02-21 06:14:05 - INFO - RegisterAccount - Clicked Continue without entering data
2026-02-21 06:14:05 - INFO - RegisterAccount - TC3 PASSED - Warning Message Displayed
2026-02-21 06:18:31 - INFO - RegisterAccount - ========== TC1 Started ==========
2026-02-21 06:18:32 - INFO - RegisterAccount - Clicked on Register link
2026-02-21 06:18:33 - INFO - RegisterAccount - Entered mandatory registration details
2026-02-21 06:18:33 - INFO - RegisterAccount - Accepted Privacy Policy
2026-02-21 06:18:33 - INFO - RegisterAccount - Clicked Continue button
2026-02-21 15:37:33 - INFO - RegisterAccount - ========== TC1 Started ==========
2026-02-21 15:37:34 - INFO - RegisterAccount - Clicked on Register link
2026-02-21 15:37:35 - INFO - RegisterAccount - Entered mandatory registration details
2026-02-21 15:37:35 - INFO - RegisterAccount - Accepted Privacy Policy
2026-02-21 15:37:36 - INFO - RegisterAccount - Clicked Continue button
2026-02-21 15:37:36 - INFO - RegisterAccount - TC1 PASSED - Account Created Successfully
2026-02-21 15:37:38 - INFO - RegisterAccount - ========== TC1 Started ==========
2026-02-21 15:37:39 - INFO - RegisterAccount - Clicked on Register link
2026-02-21 15:37:40 - INFO - RegisterAccount - Entered mandatory registration details
2026-02-21 15:37:40 - INFO - RegisterAccount - Accepted Privacy Policy
2026-02-21 15:37:41 - INFO - RegisterAccount - Clicked Continue button
2026-02-21 15:37:41 - INFO - RegisterAccount - TC1 PASSED - Account Created Successfully
2026-02-21 15:37:43 - INFO - RegisterAccount - ========== TC2 Started ==========
2026-02-21 15:37:44 - INFO - RegisterAccount - Clicked on Register link
2026-02-21 15:37:45 - INFO - RegisterAccount - Entered all registration details
2026-02-21 15:37:45 - INFO - RegisterAccount - Newsletter option selected
2026-02-21 15:37:46 - INFO - RegisterAccount - Clicked Continue button
2026-02-21 15:37:46 - INFO - RegisterAccount - TC2 PASSED - Account Created Successfully
2026-02-21 15:37:49 - INFO - RegisterAccount - ========== TC2 Started ==========
2026-02-21 15:37:49 - INFO - RegisterAccount - Clicked on Register link
2026-02-21 15:37:50 - INFO - RegisterAccount - Entered all registration details
2026-02-21 15:37:50 - INFO - RegisterAccount - Newsletter option selected
2026-02-21 15:37:51 - INFO - RegisterAccount - Clicked Continue button
2026-02-21 15:37:51 - INFO - RegisterAccount - TC2 PASSED - Account Created Successfully
2026-02-21 15:37:53 - INFO - RegisterAccount - ========== TC3 Started ==========
2026-02-21 15:37:54 - INFO - RegisterAccount - Clicked on Register link
2026-02-21 15:37:55 - INFO - RegisterAccount - Clicked Continue without entering data
2026-02-21 15:37:55 - INFO - RegisterAccount - TC3 PASSED - Warning Message Displayed
2026-02-21 15:50:38 - INFO - RegisterAccount - ========== TC1 Started ==========
2026-02-21 15:50:38 - INFO - RegisterAccount - Clicked on Register link
2026-02-21 15:50:39 - INFO - RegisterAccount - Entered mandatory registration details
2026-02-21 15:50:39 - INFO - RegisterAccount - Accepted Privacy Policy
2026-02-21 15:50:40 - INFO - RegisterAccount - Clicked Continue button
2026-02-21 15:50:40 - INFO - RegisterAccount - TC1 PASSED - Account Created Successfully
2026-02-21 15:50:43 - INFO - RegisterAccount - ========== TC1 Started ==========
2026-02-21 15:50:44 - INFO - RegisterAccount - Clicked on Register link
2026-02-21 15:50:44 - INFO - RegisterAccount - Entered mandatory registration details
2026-02-21 15:50:44 - INFO - RegisterAccount - Accepted Privacy Policy
2026-02-21 15:50:45 - INFO - RegisterAccount - Clicked Continue button
2026-02-21 15:50:45 - INFO - RegisterAccount - TC1 PASSED - Account Created Successfully
2026-02-21 15:50:47 - INFO - RegisterAccount - ========== TC2 Started ==========
2026-02-21 15:50:48 - INFO - RegisterAccount - Clicked on Register link
2026-02-21 15:50:48 - INFO - RegisterAccount - Entered all registration details
2026-02-21 15:50:49 - INFO - RegisterAccount - Newsletter option selected
2026-02-21 15:50:50 - INFO - RegisterAccount - Clicked Continue button
2026-02-21 15:50:50 - INFO - RegisterAccount - TC2 PASSED - Account Created Successfully
2026-02-21 15:50:52 - INFO - RegisterAccount - ========== TC2 Started ==========
2026-02-21 15:50:52 - INFO - RegisterAccount - Clicked on Register link
2026-02-21 15:50:53 - INFO - RegisterAccount - Entered all registration details
2026-02-21 15:50:53 - INFO - RegisterAccount - Newsletter option selected
2026-02-21 15:50:54 - INFO - RegisterAccount - Clicked Continue button
2026-02-21 15:50:54 - INFO - RegisterAccount - TC2 PASSED - Account Created Successfully
2026-02-21 15:50:57 - INFO - RegisterAccount - ========== TC3 Started ==========
2026-02-21 15:50:58 - INFO - RegisterAccount - Clicked on Register link
2026-02-21 15:50:58 - INFO - RegisterAccount - Clicked Continue without entering data
2026-02-21 15:50:58 - INFO - RegisterAccount - TC3 PASSED - Warning Message Displayed
2026-02-21 16:07:06 - INFO - RegisterAccount - ========== TC1 Started ==========
2026-02-21 16:07:06 - INFO - RegisterAccount - Clicked on Register link
2026-02-21 16:07:07 - INFO - RegisterAccount - Entered mandatory registration details
2026-02-21 16:07:07 - INFO - RegisterAccount - Accepted Privacy Policy
2026-02-21 16:07:08 - INFO - RegisterAccount - Clicked Continue button
2026-02-21 16:07:08 - INFO - RegisterAccount - TC1 PASSED - Account Created Successfully
2026-02-21 16:07:10 - INFO - RegisterAccount - ========== TC1 Started ==========
2026-02-21 16:07:11 - INFO - RegisterAccount - Clicked on Register link
2026-02-21 16:07:11 - INFO - RegisterAccount - Entered mandatory registration details
2026-02-21 16:07:11 - INFO - RegisterAccount - Accepted Privacy Policy
2026-02-21 16:07:12 - INFO - RegisterAccount - Clicked Continue button
2026-02-21 16:07:12 - INFO - RegisterAccount - TC1 PASSED - Account Created Successfully
2026-02-21 16:07:15 - INFO - RegisterAccount - ========== TC2 Started ==========
2026-02-21 16:07:15 - INFO - RegisterAccount - Clicked on Register link
2026-02-21 16:07:16 - INFO - RegisterAccount - Entered all registration details
2026-02-21 16:07:16 - INFO - RegisterAccount - Newsletter option selected
2026-02-21 16:07:17 - INFO - RegisterAccount - Clicked Continue button
2026-02-21 16:07:17 - INFO - RegisterAccount - TC2 PASSED - Account Created Successfully
2026-02-21 16:07:19 - INFO - RegisterAccount - ========== TC2 Started ==========
2026-02-21 16:07:20 - INFO - RegisterAccount - Clicked on Register link
2026-02-21 16:07:21 - INFO - RegisterAccount - Entered all registration details
2026-02-21 16:07:21 - INFO - RegisterAccount - Newsletter option selected
2026-02-21 16:07:22 - INFO - RegisterAccount - Clicked Continue button
2026-02-21 16:07:22 - INFO - RegisterAccount - TC2 PASSED - Account Created Successfully
2026-02-21 16:07:30 - INFO - RegisterAccount - ========== TC3 Started ==========
2026-02-21 16:07:31 - INFO - RegisterAccount - Clicked on Register link
2026-02-21 16:07:32 - INFO - RegisterAccount - Clicked Continue without entering data
2026-02-21 16:07:32 - INFO - RegisterAccount - TC3 PASSED - Warning Message Displayed
2026-02-21 16:08:11 - INFO - RegisterAccount - ========== TC1 Started ==========
2026-02-21 16:08:11 - INFO - RegisterAccount - Clicked on Register link
2026-02-21 16:08:12 - INFO - RegisterAccount - Entered mandatory registration details
2026-02-21 16:08:12 - INFO - RegisterAccount - Accepted Privacy Policy
2026-02-21 16:08:13 - INFO - RegisterAccount - Clicked Continue button
2026-02-21 16:08:13 - INFO - RegisterAccount - TC1 PASSED - Account Created Successfully
2026-02-21 16:08:16 - INFO - RegisterAccount - ========== TC1 Started ==========
2026-02-21 16:08:17 - INFO - RegisterAccount - Clicked on Register link
2026-02-21 16:08:18 - INFO - RegisterAccount - Entered mandatory registration details
2026-02-21 16:08:18 - INFO - RegisterAccount - Accepted Privacy Policy
2026-02-21 16:08:19 - INFO - RegisterAccount - Clicked Continue button
2026-02-21 16:08:19 - INFO - RegisterAccount - TC1 PASSED - Account Created Successfully
2026-02-21 16:08:21 - INFO - RegisterAccount - ========== TC2 Started ==========
2026-02-21 16:08:22 - INFO - RegisterAccount - Clicked on Register link
2026-02-21 16:08:23 - INFO - RegisterAccount - Entered all registration details
2026-02-21 16:08:23 - INFO - RegisterAccount - Newsletter option selected
2026-02-21 16:08:24 - INFO - RegisterAccount - Clicked Continue button
2026-02-21 16:08:24 - INFO - RegisterAccount - TC2 PASSED - Account Created Successfully
2026-02-21 16:08:27 - INFO - RegisterAccount - ========== TC2 Started ==========
2026-02-21 16:08:27 - INFO - RegisterAccount - Clicked on Register link
2026-02-21 16:08:28 - INFO - RegisterAccount - Entered all registration details
2026-02-21 16:08:28 - INFO - RegisterAccount - Newsletter option selected
2026-02-21 16:08:29 - INFO - RegisterAccount - Clicked Continue button
2026-02-21 16:08:29 - INFO - RegisterAccount - TC2 PASSED - Account Created Successfully
2026-02-21 16:08:32 - INFO - RegisterAccount - ========== TC3 Started ==========
2026-02-21 16:08:33 - INFO - RegisterAccount - Clicked on Register link
2026-02-21 16:08:34 - INFO - RegisterAccount - Clicked Continue without entering data
2026-02-21 16:08:34 - INFO - RegisterAccount - TC3 PASSED - Warning Message Displayed
2026-02-21 16:11:55 - INFO - RegisterAccount - ========== TC1 Started ==========
2026-02-21 16:11:56 - INFO - RegisterAccount - Clicked on Register link
2026-02-21 16:11:56 - INFO - RegisterAccount - Entered mandatory registration details
2026-02-21 16:11:56 - INFO - RegisterAccount - Accepted Privacy Policy
2026-02-21 16:11:57 - INFO - RegisterAccount - Clicked Continue button
2026-02-21 16:11:58 - INFO - RegisterAccount - TC1 PASSED - Account Created Successfully
2026-02-21 16:12:00 - INFO - RegisterAccount - ========== TC1 Started ==========
2026-02-21 16:12:01 - INFO - RegisterAccount - Clicked on Register link
2026-02-21 16:12:01 - INFO - RegisterAccount - Entered mandatory registration details
2026-02-21 16:12:01 - INFO - RegisterAccount - Accepted Privacy Policy
2026-02-21 16:12:02 - INFO - RegisterAccount - Clicked Continue button
2026-02-21 16:12:02 - INFO - RegisterAccount - TC1 PASSED - Account Created Successfully
2026-02-21 16:12:05 - INFO - RegisterAccount - ========== TC2 Started ==========
2026-02-21 16:12:05 - INFO - RegisterAccount - Clicked on Register link
2026-02-21 16:12:06 - INFO - RegisterAccount - Entered all registration details
2026-02-21 16:12:06 - INFO - RegisterAccount - Newsletter option selected
2026-02-21 16:12:07 - INFO - RegisterAccount - Clicked Continue button
2026-02-21 16:12:07 - INFO - RegisterAccount - TC2 PASSED - Account Created Successfully
2026-02-21 16:12:09 - INFO - RegisterAccount - ========== TC2 Started ==========
2026-02-21 16:12:10 - INFO - RegisterAccount - Clicked on Register link
2026-02-21 16:12:10 - INFO - RegisterAccount - Entered all registration details
2026-02-21 16:12:11 - INFO - RegisterAccount - Newsletter option selected
2026-02-21 16:12:12 - INFO - RegisterAccount - Clicked Continue button
2026-02-21 16:12:12 - INFO - RegisterAccount - TC2 PASSED - Account Created Successfully
2026-02-21 16:12:14 - INFO - RegisterAccount - ========== TC3 Started ==========
2026-02-21 16:12:14 - INFO - RegisterAccount - Clicked on Register link
2026-02-21 16:12:15 - INFO - RegisterAccount - Clicked Continue without entering data
2026-02-21 16:12:15 - INFO - RegisterAccount - TC3 PASSED - Warning Message Displayed
